# JRE version: Java(TM) SE Runtime Environment (8.0_201-b09) (build 1.8.0_201-b09)
# Java VM: Java HotSpot(TM) 64-Bit Server VM (25.201-b09 mixed mode windows-amd64 compressed oops)
Heap:
 PSYoungGen      total 76288K, used 61686K [0x00000000f5580000, 0x00000000fea80000, 0x0000000100000000)
  eden space 65536K, 94% used [0x00000000f5580000,0x00000000f91bdac8,0x00000000f9580000)
  from space 10752K, 0% used [0x00000000fa000000,0x00000000fa000000,0x00000000faa80000)
  to   space 10752K, 0% used [0x00000000f9580000,0x00000000f9580000,0x00000000fa000000)
 ParOldGen       total 175104K, used 6898K [0x00000000e0000000, 0x00000000eab00000, 0x00000000f5580000)
  object space 175104K, 3% used [0x00000000e0000000,0x00000000e06bcab0,0x00000000eab00000)
 Metaspace       used 28230K, capacity 28948K, committed 29312K, reserved 1075200K
  class space    used 3954K, capacity 4133K, committed 4224K, reserved 1048576K
GC Heap History (10 events):
Event: 1.937 GC heap before
{Heap before GC invocations=1 (full 0):
 PSYoungGen      total 76288K, used 65536K [0x00000000f5580000, 0x00000000faa80000, 0x0000000100000000)
  eden space 65536K, 100% used [0x00000000f5580000,0x00000000f9580000,0x00000000f9580000)
  from space 10752K, 0% used [0x00000000fa000000,0x00000000fa000000,0x00000000faa80000)
  to   space 10752K, 0% used [0x00000000f9580000,0x00000000f9580000,0x00000000fa000000)
 ParOldGen       total 175104K, used 0K [0x00000000e0000000, 0x00000000eab00000, 0x00000000f5580000)
  object space 175104K, 0% used [0x00000000e0000000,0x00000000e0000000,0x00000000eab00000)
 Metaspace       used 7802K, capacity 8098K, committed 8320K, reserved 1056768K
  class space    used 989K, capacity 1081K, committed 1152K, reserved 1048576K
Event: 1.943 GC heap after
Heap after GC invocations=1 (full 0):
 PSYoungGen      total 76288K, used 6145K [0x00000000f5580000, 0x00000000faa80000, 0x0000000100000000)
  eden space 65536K, 0% used [0x00000000f5580000,0x00000000f5580000,0x00000000f9580000)
  from space 10752K, 57% used [0x00000000f9580000,0x00000000f9b80678,0x00000000fa000000)
  to   space 10752K, 0% used [0x00000000fa000000,0x00000000fa000000,0x00000000faa80000)
 ParOldGen       total 175104K, used 35K [0x00000000e0000000, 0x00000000eab00000, 0x00000000f5580000)
  object space 175104K, 0% used [0x00000000e0000000,0x00000000e0008c50,0x00000000eab00000)
 Metaspace       used 7802K, capacity 8098K, committed 8320K, reserved 1056768K
  class space    used 989K, capacity 1081K, committed 1152K, reserved 1048576K
}
Event: 8.131 GC heap before
{Heap before GC invocations=2 (full 0):
 PSYoungGen      total 76288K, used 71681K [0x00000000f5580000, 0x00000000faa80000, 0x0000000100000000)
  eden space 65536K, 100% used [0x00000000f5580000,0x00000000f9580000,0x00000000f9580000)
  from space 10752K, 57% used [0x00000000f9580000,0x00000000f9b80678,0x00000000fa000000)
  to   space 10752K, 0% used [0x00000000fa000000,0x00000000fa000000,0x00000000faa80000)
 ParOldGen       total 175104K, used 35K [0x00000000e0000000, 0x00000000eab00000, 0x00000000f5580000)
  object space 175104K, 0% used [0x00000000e0000000,0x00000000e0008c50,0x00000000eab00000)
 Metaspace       used 15281K, capacity 15670K, committed 15872K, reserved 1062912K
  class space    used 2084K, capacity 2233K, committed 2304K, reserved 1048576K
Event: 8.143 GC heap after
Heap after GC invocations=2 (full 0):
 PSYoungGen      total 76288K, used 9914K [0x00000000f5580000, 0x00000000faa80000, 0x0000000100000000)
  eden space 65536K, 0% used [0x00000000f5580000,0x00000000f5580000,0x00000000f9580000)
  from space 10752K, 92% used [0x00000000fa000000,0x00000000fa9aeba8,0x00000000faa80000)
  to   space 10752K, 0% used [0x00000000f9580000,0x00000000f9580000,0x00000000fa000000)
 ParOldGen       total 175104K, used 43K [0x00000000e0000000, 0x00000000eab00000, 0x00000000f5580000)
  object space 175104K, 0% used [0x00000000e0000000,0x00000000e000ac50,0x00000000eab00000)
 Metaspace       used 15281K, capacity 15670K, committed 15872K, reserved 1062912K
  class space    used 2084K, capacity 2233K, committed 2304K, reserved 1048576K
}
Event: 8.894 GC heap before
{Heap before GC invocations=3 (full 0):
 PSYoungGen      total 76288K, used 75450K [0x00000000f5580000, 0x00000000faa80000, 0x0000000100000000)
  eden space 65536K, 100% used [0x00000000f5580000,0x00000000f9580000,0x00000000f9580000)
  from space 10752K, 92% used [0x00000000fa000000,0x00000000fa9aeba8,0x00000000faa80000)
  to   space 10752K, 0% used [0x00000000f9580000,0x00000000f9580000,0x00000000fa000000)
 ParOldGen       total 175104K, used 43K [0x00000000e0000000, 0x00000000eab00000, 0x00000000f5580000)
  object space 175104K, 0% used [0x00000000e0000000,0x00000000e000ac50,0x00000000eab00000)
 Metaspace       used 20492K, capacity 21060K, committed 21296K, reserved 1067008K
  class space    used 2940K, capacity 3122K, committed 3200K, reserved 1048576K
Event: 8.904 GC heap after
Heap after GC invocations=3 (full 0):
 PSYoungGen      total 76288K, used 10741K [0x00000000f5580000, 0x00000000faa80000, 0x0000000100000000)
  eden space 65536K, 0% used [0x00000000f5580000,0x00000000f5580000,0x00000000f9580000)
  from space 10752K, 99% used [0x00000000f9580000,0x00000000f9ffd7b8,0x00000000fa000000)
  to   space 10752K, 0% used [0x00000000fa000000,0x00000000fa000000,0x00000000faa80000)
 ParOldGen       total 175104K, used 971K [0x00000000e0000000, 0x00000000eab00000, 0x00000000f5580000)
  object space 175104K, 0% used [0x00000000e0000000,0x00000000e00f2df0,0x00000000eab00000)
 Metaspace       used 20492K, capacity 21060K, committed 21296K, reserved 1067008K
  class space    used 2940K, capacity 3122K, committed 3200K, reserved 1048576K
}
Event: 8.929 GC heap before
{Heap before GC invocations=4 (full 0):
 PSYoungGen      total 76288K, used 14518K [0x00000000f5580000, 0x00000000faa80000, 0x0000000100000000)
  eden space 65536K, 5% used [0x00000000f5580000,0x00000000f59301a0,0x00000000f9580000)
  from space 10752K, 99% used [0x00000000f9580000,0x00000000f9ffd7b8,0x00000000fa000000)
  to   space 10752K, 0% used [0x00000000fa000000,0x00000000fa000000,0x00000000faa80000)
 ParOldGen       total 175104K, used 971K [0x00000000e0000000, 0x00000000eab00000, 0x00000000f5580000)
  object space 175104K, 0% used [0x00000000e0000000,0x00000000e00f2df0,0x00000000eab00000)
 Metaspace       used 20628K, capacity 21226K, committed 21296K, reserved 1067008K
  class space    used 2962K, capacity 3131K, committed 3200K, reserved 1048576K
Event: 8.937 GC heap after
Heap after GC invocations=4 (full 0):
 PSYoungGen      total 76288K, used 6985K [0x00000000f5580000, 0x00000000fea80000, 0x0000000100000000)
  eden space 65536K, 0% used [0x00000000f5580000,0x00000000f5580000,0x00000000f9580000)
  from space 10752K, 64% used [0x00000000fa000000,0x00000000fa6d2640,0x00000000faa80000)
  to   space 10752K, 0% used [0x00000000f9580000,0x00000000f9580000,0x00000000fa000000)
 ParOldGen       total 175104K, used 979K [0x00000000e0000000, 0x00000000eab00000, 0x00000000f5580000)
  object space 175104K, 0% used [0x00000000e0000000,0x00000000e00f4df0,0x00000000eab00000)
 Metaspace       used 20628K, capacity 21226K, committed 21296K, reserved 1067008K
  class space    used 2962K, capacity 3131K, committed 3200K, reserved 1048576K
}
Event: 8.938 GC heap before
{Heap before GC invocations=5 (full 1):
 PSYoungGen      total 76288K, used 6985K [0x00000000f5580000, 0x00000000fea80000, 0x0000000100000000)
  eden space 65536K, 0% used [0x00000000f5580000,0x00000000f5580000,0x00000000f9580000)
  from space 10752K, 64% used [0x00000000fa000000,0x00000000fa6d2640,0x00000000faa80000)
  to   space 10752K, 0% used [0x00000000f9580000,0x00000000f9580000,0x00000000fa000000)
 ParOldGen       total 175104K, used 979K [0x00000000e0000000, 0x00000000eab00000, 0x00000000f5580000)
  object space 175104K, 0% used [0x00000000e0000000,0x00000000e00f4df0,0x00000000eab00000)
 Metaspace       used 20628K, capacity 21226K, committed 21296K, reserved 1067008K
  class space    used 2962K, capacity 3131K, committed 3200K, reserved 1048576K
Event: 8.975 GC heap after
Heap after GC invocations=5 (full 1):
 PSYoungGen      total 76288K, used 0K [0x00000000f5580000, 0x00000000fea80000, 0x0000000100000000)
  eden space 65536K, 0% used [0x00000000f5580000,0x00000000f5580000,0x00000000f9580000)
  from space 10752K, 0% used [0x00000000fa000000,0x00000000fa000000,0x00000000faa80000)
  to   space 10752K, 0% used [0x00000000f9580000,0x00000000f9580000,0x00000000fa000000)
 ParOldGen       total 175104K, used 6898K [0x00000000e0000000, 0x00000000eab00000, 0x00000000f5580000)
  object space 175104K, 3% used [0x00000000e0000000,0x00000000e06bcab0,0x00000000eab00000)
 Metaspace       used 20628K, capacity 21226K, committed 21296K, reserved 1067008K
  class space    used 2962K, capacity 3131K, committed 3200K, reserved 1048576K
}

