# JRE version: Java(TM) SE Runtime Environment (8.0_201-b09) (build 1.8.0_201-b09)
# Java VM: Java HotSpot(TM) 64-Bit Server VM (25.201-b09 mixed mode windows-amd64 compressed oops)
Heap:
 PSYoungGen      total 74240K, used 25883K [0x00000000d5d80000, 0x00000000ddc80000, 0x0000000100000000)
  eden space 66048K, 33% used [0x00000000d5d80000,0x00000000d7351ff0,0x00000000d9e00000)
  from space 8192K, 43% used [0x00000000d9e00000,0x00000000da174cb8,0x00000000da600000)
  to   space 8192K, 0% used [0x00000000dd480000,0x00000000dd480000,0x00000000ddc80000)
 ParOldGen       total 52736K, used 7348K [0x0000000081800000, 0x0000000084b80000, 0x00000000d5d80000)
  object space 52736K, 13% used [0x0000000081800000,0x0000000081f2d070,0x0000000084b80000)
 Metaspace       used 24070K, capacity 24932K, committed 25216K, reserved 1071104K
  class space    used 3155K, capacity 3378K, committed 3456K, reserved 1048576K
GC Heap History (10 events):
Event: 2.898 GC heap before
{Heap before GC invocations=4 (full 0):
 PSYoungGen      total 38400K, used 38389K [0x00000000d5d80000, 0x00000000d8800000, 0x0000000100000000)
  eden space 33280K, 100% used [0x00000000d5d80000,0x00000000d7e00000,0x00000000d7e00000)
  from space 5120K, 99% used [0x00000000d7e00000,0x00000000d82fd7f0,0x00000000d8300000)
  to   space 5120K, 0% used [0x00000000d8300000,0x00000000d8300000,0x00000000d8800000)
 ParOldGen       total 87552K, used 1028K [0x0000000081800000, 0x0000000086d80000, 0x00000000d5d80000)
  object space 87552K, 1% used [0x0000000081800000,0x0000000081901060,0x0000000086d80000)
 Metaspace       used 16528K, capacity 17188K, committed 17408K, reserved 1064960K
  class space    used 2141K, capacity 2304K, committed 2304K, reserved 1048576K
Event: 2.903 GC heap after
Heap after GC invocations=4 (full 0):
 PSYoungGen      total 38400K, used 5098K [0x00000000d5d80000, 0x00000000da880000, 0x0000000100000000)
  eden space 33280K, 0% used [0x00000000d5d80000,0x00000000d5d80000,0x00000000d7e00000)
  from space 5120K, 99% used [0x00000000d8300000,0x00000000d87fa8b8,0x00000000d8800000)
  to   space 5120K, 0% used [0x00000000d7e00000,0x00000000d7e00000,0x00000000d8300000)
 ParOldGen       total 87552K, used 1709K [0x0000000081800000, 0x0000000086d80000, 0x00000000d5d80000)
  object space 87552K, 1% used [0x0000000081800000,0x00000000819ab488,0x0000000086d80000)
 Metaspace       used 16528K, capacity 17188K, committed 17408K, reserved 1064960K
  class space    used 2141K, capacity 2304K, committed 2304K, reserved 1048576K
}
Event: 3.223 GC heap before
{Heap before GC invocations=5 (full 0):
 PSYoungGen      total 38400K, used 38378K [0x00000000d5d80000, 0x00000000da880000, 0x0000000100000000)
  eden space 33280K, 100% used [0x00000000d5d80000,0x00000000d7e00000,0x00000000d7e00000)
  from space 5120K, 99% used [0x00000000d8300000,0x00000000d87fa8b8,0x00000000d8800000)
  to   space 5120K, 0% used [0x00000000d7e00000,0x00000000d7e00000,0x00000000d8300000)
 ParOldGen       total 87552K, used 1709K [0x0000000081800000, 0x0000000086d80000, 0x00000000d5d80000)
  object space 87552K, 1% used [0x0000000081800000,0x00000000819ab488,0x0000000086d80000)
 Metaspace       used 18637K, capacity 19372K, committed 19584K, reserved 1067008K
  class space    used 2461K, capacity 2652K, committed 2688K, reserved 1048576K
Event: 3.230 GC heap after
Heap after GC invocations=5 (full 0):
 PSYoungGen      total 38400K, used 5117K [0x00000000d5d80000, 0x00000000dad80000, 0x0000000100000000)
  eden space 33280K, 0% used [0x00000000d5d80000,0x00000000d5d80000,0x00000000d7e00000)
  from space 5120K, 99% used [0x00000000d7e00000,0x00000000d82ff780,0x00000000d8300000)
  to   space 7680K, 0% used [0x00000000da600000,0x00000000da600000,0x00000000dad80000)
 ParOldGen       total 87552K, used 3538K [0x0000000081800000, 0x0000000086d80000, 0x00000000d5d80000)
  object space 87552K, 4% used [0x0000000081800000,0x0000000081b74a60,0x0000000086d80000)
 Metaspace       used 18637K, capacity 19372K, committed 19584K, reserved 1067008K
  class space    used 2461K, capacity 2652K, committed 2688K, reserved 1048576K
}
Event: 3.388 GC heap before
{Heap before GC invocations=6 (full 0):
 PSYoungGen      total 38400K, used 24542K [0x00000000d5d80000, 0x00000000dad80000, 0x0000000100000000)
  eden space 33280K, 58% used [0x00000000d5d80000,0x00000000d7078268,0x00000000d7e00000)
  from space 5120K, 99% used [0x00000000d7e00000,0x00000000d82ff780,0x00000000d8300000)
  to   space 7680K, 0% used [0x00000000da600000,0x00000000da600000,0x00000000dad80000)
 ParOldGen       total 87552K, used 3538K [0x0000000081800000, 0x0000000086d80000, 0x00000000d5d80000)
  object space 87552K, 4% used [0x0000000081800000,0x0000000081b74a60,0x0000000086d80000)
 Metaspace       used 20414K, capacity 21196K, committed 21296K, reserved 1067008K
  class space    used 2678K, capacity 2878K, committed 2944K, reserved 1048576K
Event: 3.395 GC heap after
Heap after GC invocations=6 (full 0):
 PSYoungGen      total 73728K, used 6964K [0x00000000d5d80000, 0x00000000dae80000, 0x0000000100000000)
  eden space 66048K, 0% used [0x00000000d5d80000,0x00000000d5d80000,0x00000000d9e00000)
  from space 7680K, 90% used [0x00000000da600000,0x00000000daccd308,0x00000000dad80000)
  to   space 8192K, 0% used [0x00000000d9e00000,0x00000000d9e00000,0x00000000da600000)
 ParOldGen       total 87552K, used 3546K [0x0000000081800000, 0x0000000086d80000, 0x00000000d5d80000)
  object space 87552K, 4% used [0x0000000081800000,0x0000000081b76a60,0x0000000086d80000)
 Metaspace       used 20414K, capacity 21196K, committed 21296K, reserved 1067008K
  class space    used 2678K, capacity 2878K, committed 2944K, reserved 1048576K
}
Event: 3.395 GC heap before
{Heap before GC invocations=7 (full 1):
 PSYoungGen      total 73728K, used 6964K [0x00000000d5d80000, 0x00000000dae80000, 0x0000000100000000)
  eden space 66048K, 0% used [0x00000000d5d80000,0x00000000d5d80000,0x00000000d9e00000)
  from space 7680K, 90% used [0x00000000da600000,0x00000000daccd308,0x00000000dad80000)
  to   space 8192K, 0% used [0x00000000d9e00000,0x00000000d9e00000,0x00000000da600000)
 ParOldGen       total 87552K, used 3546K [0x0000000081800000, 0x0000000086d80000, 0x00000000d5d80000)
  object space 87552K, 4% used [0x0000000081800000,0x0000000081b76a60,0x0000000086d80000)
 Metaspace       used 20414K, capacity 21196K, committed 21296K, reserved 1067008K
  class space    used 2678K, capacity 2878K, committed 2944K, reserved 1048576K
Event: 3.425 GC heap after
Heap after GC invocations=7 (full 1):
 PSYoungGen      total 73728K, used 0K [0x00000000d5d80000, 0x00000000dae80000, 0x0000000100000000)
  eden space 66048K, 0% used [0x00000000d5d80000,0x00000000d5d80000,0x00000000d9e00000)
  from space 7680K, 0% used [0x00000000da600000,0x00000000da600000,0x00000000dad80000)
  to   space 8192K, 0% used [0x00000000d9e00000,0x00000000d9e00000,0x00000000da600000)
 ParOldGen       total 52736K, used 7286K [0x0000000081800000, 0x0000000084b80000, 0x00000000d5d80000)
  object space 52736K, 13% used [0x0000000081800000,0x0000000081f1d830,0x0000000084b80000)
 Metaspace       used 20414K, capacity 21196K, committed 21296K, reserved 1067008K
  class space    used 2678K, capacity 2878K, committed 2944K, reserved 1048576K
}
Event: 3.731 GC heap before
{Heap before GC invocations=8 (full 1):
 PSYoungGen      total 73728K, used 66046K [0x00000000d5d80000, 0x00000000dae80000, 0x0000000100000000)
  eden space 66048K, 99% used [0x00000000d5d80000,0x00000000d9dff928,0x00000000d9e00000)
  from space 7680K, 0% used [0x00000000da600000,0x00000000da600000,0x00000000dad80000)
  to   space 8192K, 0% used [0x00000000d9e00000,0x00000000d9e00000,0x00000000da600000)
 ParOldGen       total 52736K, used 7348K [0x0000000081800000, 0x0000000084b80000, 0x00000000d5d80000)
  object space 52736K, 13% used [0x0000000081800000,0x0000000081f2d070,0x0000000084b80000)
 Metaspace       used 22949K, capacity 23818K, committed 23936K, reserved 1071104K
  class space    used 2997K, capacity 3189K, committed 3200K, reserved 1048576K
Event: 3.740 GC heap after
Heap after GC invocations=8 (full 1):
 PSYoungGen      total 74240K, used 3539K [0x00000000d5d80000, 0x00000000ddc80000, 0x0000000100000000)
  eden space 66048K, 0% used [0x00000000d5d80000,0x00000000d5d80000,0x00000000d9e00000)
  from space 8192K, 43% used [0x00000000d9e00000,0x00000000da174cb8,0x00000000da600000)
  to   space 8192K, 0% used [0x00000000dd480000,0x00000000dd480000,0x00000000ddc80000)
 ParOldGen       total 52736K, used 7348K [0x0000000081800000, 0x0000000084b80000, 0x00000000d5d80000)
  object space 52736K, 13% used [0x0000000081800000,0x0000000081f2d070,0x0000000084b80000)
 Metaspace       used 22949K, capacity 23818K, committed 23936K, reserved 1071104K
  class space    used 2997K, capacity 3189K, committed 3200K, reserved 1048576K
}

