# JRE version: Java(TM) SE Runtime Environment (8.0_201-b09) (build 1.8.0_201-b09)
# Java VM: Java HotSpot(TM) 64-Bit Server VM (25.201-b09 mixed mode windows-amd64 compressed oops)
Heap:
 PSYoungGen      total 71680K, used 64139K [0x00000000f5580000, 0x00000000fa580000, 0x0000000100000000)
  eden space 64512K, 99% used [0x00000000f5580000,0x00000000f9422f28,0x00000000f9480000)
  from space 7168K, 0% used [0x00000000f9e80000,0x00000000f9e80000,0x00000000fa580000)
  to   space 8704K, 0% used [0x00000000f9480000,0x00000000f9480000,0x00000000f9d00000)
 ParOldGen       total 44032K, used 11241K [0x00000000e0000000, 0x00000000e2b00000, 0x00000000f5580000)
  object space 44032K, 25% used [0x00000000e0000000,0x00000000e0afa648,0x00000000e2b00000)
 Metaspace       used 40585K, capacity 42590K, committed 42968K, reserved 1085440K
  class space    used 5716K, capacity 6097K, committed 6144K, reserved 1048576K
GC Heap History (10 events):
Event: 5.684 GC heap before
{Heap before GC invocations=8 (full 1):
 PSYoungGen      total 71680K, used 67474K [0x00000000f5580000, 0x00000000fa580000, 0x0000000100000000)
  eden space 64512K, 99% used [0x00000000f5580000,0x00000000f947ddb8,0x00000000f9480000)
  from space 7168K, 41% used [0x00000000f9e80000,0x00000000fa166d40,0x00000000fa580000)
  to   space 8704K, 0% used [0x00000000f9480000,0x00000000f9480000,0x00000000f9d00000)
 ParOldGen       total 44032K, used 5548K [0x00000000e0000000, 0x00000000e2b00000, 0x00000000f5580000)
  object space 44032K, 12% used [0x00000000e0000000,0x00000000e056b388,0x00000000e2b00000)
 Metaspace       used 26361K, capacity 27796K, committed 28032K, reserved 1073152K
  class space    used 3605K, capacity 3882K, committed 3968K, reserved 1048576K
Event: 5.690 GC heap after
Heap after GC invocations=8 (full 1):
 PSYoungGen      total 73216K, used 5804K [0x00000000f5580000, 0x00000000fa580000, 0x0000000100000000)
  eden space 64512K, 0% used [0x00000000f5580000,0x00000000f5580000,0x00000000f9480000)
  from space 8704K, 66% used [0x00000000f9480000,0x00000000f9a2b3a8,0x00000000f9d00000)
  to   space 7168K, 0% used [0x00000000f9e80000,0x00000000f9e80000,0x00000000fa580000)
 ParOldGen       total 44032K, used 5556K [0x00000000e0000000, 0x00000000e2b00000, 0x00000000f5580000)
  object space 44032K, 12% used [0x00000000e0000000,0x00000000e056d388,0x00000000e2b00000)
 Metaspace       used 26361K, capacity 27796K, committed 28032K, reserved 1073152K
  class space    used 3605K, capacity 3882K, committed 3968K, reserved 1048576K
}
Event: 6.314 GC heap before
{Heap before GC invocations=9 (full 1):
 PSYoungGen      total 73216K, used 70316K [0x00000000f5580000, 0x00000000fa580000, 0x0000000100000000)
  eden space 64512K, 100% used [0x00000000f5580000,0x00000000f9480000,0x00000000f9480000)
  from space 8704K, 66% used [0x00000000f9480000,0x00000000f9a2b3a8,0x00000000f9d00000)
  to   space 7168K, 0% used [0x00000000f9e80000,0x00000000f9e80000,0x00000000fa580000)
 ParOldGen       total 44032K, used 5556K [0x00000000e0000000, 0x00000000e2b00000, 0x00000000f5580000)
  object space 44032K, 12% used [0x00000000e0000000,0x00000000e056d388,0x00000000e2b00000)
 Metaspace       used 28977K, capacity 30578K, committed 30720K, reserved 1075200K
  class space    used 3936K, capacity 4247K, committed 4352K, reserved 1048576K
Event: 6.321 GC heap after
Heap after GC invocations=9 (full 1):
 PSYoungGen      total 71680K, used 6332K [0x00000000f5580000, 0x00000000fa580000, 0x0000000100000000)
  eden space 64512K, 0% used [0x00000000f5580000,0x00000000f5580000,0x00000000f9480000)
  from space 7168K, 88% used [0x00000000f9e80000,0x00000000fa4af038,0x00000000fa580000)
  to   space 8704K, 0% used [0x00000000f9480000,0x00000000f9480000,0x00000000f9d00000)
 ParOldGen       total 44032K, used 5564K [0x00000000e0000000, 0x00000000e2b00000, 0x00000000f5580000)
  object space 44032K, 12% used [0x00000000e0000000,0x00000000e056f388,0x00000000e2b00000)
 Metaspace       used 28977K, capacity 30578K, committed 30720K, reserved 1075200K
  class space    used 3936K, capacity 4247K, committed 4352K, reserved 1048576K
}
Event: 7.405 GC heap before
{Heap before GC invocations=10 (full 1):
 PSYoungGen      total 71680K, used 70844K [0x00000000f5580000, 0x00000000fa580000, 0x0000000100000000)
  eden space 64512K, 100% used [0x00000000f5580000,0x00000000f9480000,0x00000000f9480000)
  from space 7168K, 88% used [0x00000000f9e80000,0x00000000fa4af038,0x00000000fa580000)
  to   space 8704K, 0% used [0x00000000f9480000,0x00000000f9480000,0x00000000f9d00000)
 ParOldGen       total 44032K, used 5564K [0x00000000e0000000, 0x00000000e2b00000, 0x00000000f5580000)
  object space 44032K, 12% used [0x00000000e0000000,0x00000000e056f388,0x00000000e2b00000)
 Metaspace       used 32843K, capacity 34660K, committed 34816K, reserved 1079296K
  class space    used 4482K, capacity 4840K, committed 4864K, reserved 1048576K
Event: 7.414 GC heap after
Heap after GC invocations=10 (full 1):
 PSYoungGen      total 73216K, used 7993K [0x00000000f5580000, 0x00000000fa580000, 0x0000000100000000)
  eden space 64512K, 0% used [0x00000000f5580000,0x00000000f5580000,0x00000000f9480000)
  from space 8704K, 91% used [0x00000000f9480000,0x00000000f9c4e4f8,0x00000000f9d00000)
  to   space 7168K, 0% used [0x00000000f9e80000,0x00000000f9e80000,0x00000000fa580000)
 ParOldGen       total 44032K, used 6239K [0x00000000e0000000, 0x00000000e2b00000, 0x00000000f5580000)
  object space 44032K, 14% used [0x00000000e0000000,0x00000000e0617d98,0x00000000e2b00000)
 Metaspace       used 32843K, capacity 34660K, committed 34816K, reserved 1079296K
  class space    used 4482K, capacity 4840K, committed 4864K, reserved 1048576K
}
Event: 7.542 GC heap before
{Heap before GC invocations=11 (full 1):
 PSYoungGen      total 73216K, used 14165K [0x00000000f5580000, 0x00000000fa580000, 0x0000000100000000)
  eden space 64512K, 9% used [0x00000000f5580000,0x00000000f5b87010,0x00000000f9480000)
  from space 8704K, 91% used [0x00000000f9480000,0x00000000f9c4e4f8,0x00000000f9d00000)
  to   space 7168K, 0% used [0x00000000f9e80000,0x00000000f9e80000,0x00000000fa580000)
 ParOldGen       total 44032K, used 6239K [0x00000000e0000000, 0x00000000e2b00000, 0x00000000f5580000)
  object space 44032K, 14% used [0x00000000e0000000,0x00000000e0617d98,0x00000000e2b00000)
 Metaspace       used 33421K, capacity 35294K, committed 35416K, reserved 1079296K
  class space    used 4538K, capacity 4915K, committed 4992K, reserved 1048576K
Event: 7.547 GC heap after
Heap after GC invocations=11 (full 1):
 PSYoungGen      total 71680K, used 3094K [0x00000000f5580000, 0x00000000fa580000, 0x0000000100000000)
  eden space 64512K, 0% used [0x00000000f5580000,0x00000000f5580000,0x00000000f9480000)
  from space 7168K, 43% used [0x00000000f9e80000,0x00000000fa1859e0,0x00000000fa580000)
  to   space 8704K, 0% used [0x00000000f9480000,0x00000000f9480000,0x00000000f9d00000)
 ParOldGen       total 44032K, used 8610K [0x00000000e0000000, 0x00000000e2b00000, 0x00000000f5580000)
  object space 44032K, 19% used [0x00000000e0000000,0x00000000e0868bf0,0x00000000e2b00000)
 Metaspace       used 33421K, capacity 35294K, committed 35416K, reserved 1079296K
  class space    used 4538K, capacity 4915K, committed 4992K, reserved 1048576K
}
Event: 7.547 GC heap before
{Heap before GC invocations=12 (full 2):
 PSYoungGen      total 71680K, used 3094K [0x00000000f5580000, 0x00000000fa580000, 0x0000000100000000)
  eden space 64512K, 0% used [0x00000000f5580000,0x00000000f5580000,0x00000000f9480000)
  from space 7168K, 43% used [0x00000000f9e80000,0x00000000fa1859e0,0x00000000fa580000)
  to   space 8704K, 0% used [0x00000000f9480000,0x00000000f9480000,0x00000000f9d00000)
 ParOldGen       total 44032K, used 8610K [0x00000000e0000000, 0x00000000e2b00000, 0x00000000f5580000)
  object space 44032K, 19% used [0x00000000e0000000,0x00000000e0868bf0,0x00000000e2b00000)
 Metaspace       used 33421K, capacity 35294K, committed 35416K, reserved 1079296K
  class space    used 4538K, capacity 4915K, committed 4992K, reserved 1048576K
Event: 7.644 GC heap after
Heap after GC invocations=12 (full 2):
 PSYoungGen      total 71680K, used 0K [0x00000000f5580000, 0x00000000fa580000, 0x0000000100000000)
  eden space 64512K, 0% used [0x00000000f5580000,0x00000000f5580000,0x00000000f9480000)
  from space 7168K, 0% used [0x00000000f9e80000,0x00000000f9e80000,0x00000000fa580000)
  to   space 8704K, 0% used [0x00000000f9480000,0x00000000f9480000,0x00000000f9d00000)
 ParOldGen       total 44032K, used 11241K [0x00000000e0000000, 0x00000000e2b00000, 0x00000000f5580000)
  object space 44032K, 25% used [0x00000000e0000000,0x00000000e0afa648,0x00000000e2b00000)
 Metaspace       used 33421K, capacity 35294K, committed 35416K, reserved 1079296K
  class space    used 4538K, capacity 4915K, committed 4992K, reserved 1048576K
}

